2020-10-23_04:05:24.222 - Started SSOApplication in 1.176 seconds (JVM running for 517.373)
2020-10-23_04:05:56.402 - Starting SSOApplication on DESKTOP-LQ1QBB8 with PID 4224 (C:\Users\yacca\Desktop\New folder\Backup sso\SSOApplication\target\classes started by yacca in C:\Users\yacca\Desktop\New folder\Backup sso\SSOApplication)
2020-10-23_04:05:56.402 - Running with Spring Boot v2.3.0.RELEASE, Spring v5.2.6.RELEASE
2020-10-23_04:05:56.402 - No active profile set, falling back to default profiles: default
2020-10-23_04:05:56.947 - Authenticating roles :: 
2020-10-23_04:05:57.238 - Started SSOApplication in 0.867 seconds (JVM running for 550.389)
2020-10-23_04:05:59.817 - Starting SSOApplication on DESKTOP-LQ1QBB8 with PID 4224 (C:\Users\yacca\Desktop\New folder\Backup sso\SSOApplication\target\classes started by yacca in C:\Users\yacca\Desktop\New folder\Backup sso\SSOApplication)
2020-10-23_04:05:59.817 - Running with Spring Boot v2.3.0.RELEASE, Spring v5.2.6.RELEASE
2020-10-23_04:05:59.818 - No active profile set, falling back to default profiles: default
2020-10-23_04:06:00.298 - Authenticating roles :: 
2020-10-23_04:06:00.477 - Started SSOApplication in 0.689 seconds (JVM running for 553.628)
2020-10-23_04:06:20.821 - Starting SSOApplication on DESKTOP-LQ1QBB8 with PID 4224 (C:\Users\yacca\Desktop\New folder\Backup sso\SSOApplication\target\classes started by yacca in C:\Users\yacca\Desktop\New folder\Backup sso\SSOApplication)
2020-10-23_04:06:20.822 - Running with Spring Boot v2.3.0.RELEASE, Spring v5.2.6.RELEASE
2020-10-23_04:06:20.822 - No active profile set, falling back to default profiles: default
2020-10-23_04:06:21.304 - Authenticating roles :: 
2020-10-23_04:06:21.487 - Started SSOApplication in 0.692 seconds (JVM running for 574.639)
2020-10-23_04:07:04.949 - Starting SSOApplication on DESKTOP-LQ1QBB8 with PID 4224 (C:\Users\yacca\Desktop\New folder\Backup sso\SSOApplication\target\classes started by yacca in C:\Users\yacca\Desktop\New folder\Backup sso\SSOApplication)
2020-10-23_04:07:04.949 - Running with Spring Boot v2.3.0.RELEASE, Spring v5.2.6.RELEASE
2020-10-23_04:07:04.949 - No active profile set, falling back to default profiles: default
2020-10-23_04:07:05.414 - Authenticating roles :: 
2020-10-23_04:07:05.586 - Started SSOApplication in 0.668 seconds (JVM running for 618.738)
2020-10-23_04:07:09.171 - Starting SSOApplication on DESKTOP-LQ1QBB8 with PID 4224 (C:\Users\yacca\Desktop\New folder\Backup sso\SSOApplication\target\classes started by yacca in C:\Users\yacca\Desktop\New folder\Backup sso\SSOApplication)
2020-10-23_04:07:09.171 - Running with Spring Boot v2.3.0.RELEASE, Spring v5.2.6.RELEASE
2020-10-23_04:07:09.171 - No active profile set, falling back to default profiles: default
2020-10-23_04:07:09.899 - Authenticating roles :: 
